{"/home/sean/dev/web/jobs-tracker/src/helpers/jobsApiHelper.js": {"path":"/home/sean/dev/web/jobs-tracker/src/helpers/jobsApiHelper.js","statementMap":{"0":{"start":{"line":1,"column":17},"end":{"line":1,"column":40}},"1":{"start":{"line":3,"column":19},"end":{"line":10,"column":1}},"2":{"start":{"line":4,"column":2},"end":{"line":9,"column":3}},"3":{"start":{"line":5,"column":21},"end":{"line":5,"column":56}},"4":{"start":{"line":6,"column":4},"end":{"line":6,"column":33}},"5":{"start":{"line":8,"column":4},"end":{"line":8,"column":76}},"6":{"start":{"line":12,"column":15},"end":{"line":19,"column":1}},"7":{"start":{"line":13,"column":2},"end":{"line":18,"column":3}},"8":{"start":{"line":14,"column":21},"end":{"line":14,"column":62}},"9":{"start":{"line":15,"column":4},"end":{"line":15,"column":33}},"10":{"start":{"line":17,"column":4},"end":{"line":17,"column":86}},"11":{"start":{"line":21,"column":18},"end":{"line":36,"column":1}},"12":{"start":{"line":22,"column":2},"end":{"line":35,"column":3}},"13":{"start":{"line":23,"column":21},"end":{"line":31,"column":6}},"14":{"start":{"line":32,"column":4},"end":{"line":32,"column":33}},"15":{"start":{"line":34,"column":4},"end":{"line":34,"column":71}},"16":{"start":{"line":38,"column":18},"end":{"line":53,"column":1}},"17":{"start":{"line":39,"column":2},"end":{"line":52,"column":3}},"18":{"start":{"line":40,"column":21},"end":{"line":48,"column":6}},"19":{"start":{"line":49,"column":4},"end":{"line":49,"column":33}},"20":{"start":{"line":51,"column":4},"end":{"line":51,"column":71}},"21":{"start":{"line":55,"column":19},"end":{"line":69,"column":1}},"22":{"start":{"line":56,"column":2},"end":{"line":68,"column":3}},"23":{"start":{"line":57,"column":21},"end":{"line":64,"column":6}},"24":{"start":{"line":65,"column":4},"end":{"line":65,"column":33}},"25":{"start":{"line":67,"column":4},"end":{"line":67,"column":71}}},"fnMap":{"0":{"name":"(anonymous_0)","decl":{"start":{"line":3,"column":19},"end":{"line":3,"column":20}},"loc":{"start":{"line":3,"column":31},"end":{"line":10,"column":1}},"line":3},"1":{"name":"(anonymous_1)","decl":{"start":{"line":12,"column":15},"end":{"line":12,"column":16}},"loc":{"start":{"line":12,"column":29},"end":{"line":19,"column":1}},"line":12},"2":{"name":"(anonymous_2)","decl":{"start":{"line":21,"column":18},"end":{"line":21,"column":19}},"loc":{"start":{"line":21,"column":40},"end":{"line":36,"column":1}},"line":21},"3":{"name":"(anonymous_3)","decl":{"start":{"line":38,"column":18},"end":{"line":38,"column":19}},"loc":{"start":{"line":38,"column":40},"end":{"line":53,"column":1}},"line":38},"4":{"name":"(anonymous_4)","decl":{"start":{"line":55,"column":19},"end":{"line":55,"column":20}},"loc":{"start":{"line":55,"column":33},"end":{"line":69,"column":1}},"line":55}},"branchMap":{},"s":{"0":1,"1":1,"2":2,"3":2,"4":1,"5":1,"6":1,"7":2,"8":2,"9":1,"10":1,"11":1,"12":2,"13":2,"14":1,"15":1,"16":1,"17":2,"18":2,"19":1,"20":1,"21":1,"22":2,"23":2,"24":1,"25":1},"f":{"0":2,"1":2,"2":2,"3":2,"4":2},"b":{},"_coverageSchema":"1a1c01bbd47fc00a2c39e90264f33305004495a9","hash":"7d754da7ca71c254bddd8f63f2518df0237fa994"}
}
